фетч IMOEXF (5bcff194…), 365 дн. с интервалом CANDLE_INTERVAL_HOUR …
═══ regime_donchian  {'n': 20, 'exit_n': 10, 'adx_n': 14, 'adx_min': 30, 'frac': 0.95, 'hurst_n': 100, 'hurst_min': 0.55} ═══
тикеры: IMOEXF   баров: 6738   период: 545 дн.

  Итоговая доходность......... +3.15%
  CAGR (годовых).............. +2.10%
  Волатильность (год.)........ +9.37%
  Sharpe...................... 0.48
  Sortino..................... 0.74
  Макс. просадка.............. -8.92%
  Длит. просадки.............. 3337 баров
  Calmar...................... 0.24
  Средн. экспозиция........... +8.55%
  ─ сделки ─.................. 
  Кол-во (round-trip)......... 27
  Винрейт..................... +33.33%
  Profit factor............... 1.29
  Средняя сделка.............. +0.14%
  Средн. прибыль/убыток....... +1475 / -571 ₽
  Матожидание/сделку.......... +111 ₽
  Лучший/худший бар........... +2.14% / -1.71%
  ─ деньги ─.................. 
  Старт. капитал.............. 100 000 ₽
  Итоговый капитал............ 103 152 ₽
  Комиссий уплачено........... 937 ₽

Лучшие параметры (in-sample по sharpe): {'n': 20, 'exit_n': 10, 'adx_min': 30, 'hurst_min': 0.55}

walk-forward (OOS):
  окно 1: OOS ret +0.34%  Sharpe 0.24  параметры {'n': 40, 'exit_n': 20, 'adx_min': 30, 'hurst_min': 0}
  окно 2: OOS ret +2.54%  Sharpe 1.64  параметры {'n': 20, 'exit_n': 10, 'adx_min': 30, 'hurst_min': 0.55}
  окно 3: OOS ret -2.34%  Sharpe -3.13  параметры {'n': 20, 'exit_n': 10, 'adx_min': 30, 'hurst_min': 0.55}
  окно 4: OOS ret -2.59%  Sharpe -1.89  параметры {'n': 20, 'exit_n': 10, 'adx_min': 30, 'hurst_min': 0.55}
  сквозная OOS-доходность: -2.13%
  деградация IS→OOS: ratio=-0.49

Robustness:
  PSR (SR>0)           = 66.3%
  Deflated SR (×54 исп.) = 26.0%
  чувствительность: метрика по сетке mean=-0.85 std=0.52 (>0 у 6%), robustness=-1.62

Monte-Carlo (trades, n=2000):
  доходность p5/p50/p95: -7.5% / +2.4% / +15.2%
  просадка p50/p5(хвост): -4.7% / -9.6%
  P(прибыль) = 64%   диапазон: -17.9%..+30.5%

vs benchmark:
  alpha (год.)        = +7.07%
  beta                = 0.13
  корреляция          = 0.36
  tracking error      = 24.99%
  information ratio   = 1.00
  up/down capture     = 11% / 10%
  избыточная дох-ть   = +20.09%

ВЕРДИКТ: ⚠ предупреждения:
   - Deflated Sharpe < 50% — Sharpe вероятно артефакт перебора
   - OOS деградирует относительно IS (переоптимизация)
   - MC p5 < 0 — заметная вероятность убытка

HTML-исследование: analysis/botdev_trp_imoexf_hour_study.html
